{"/Users/petch/Documents/CEDT STUDY/1year/term2/SE/SE-Project/se-project-be-68-2-orangered/controllers/announcements.js": {"path":"/Users/petch/Documents/CEDT STUDY/1year/term2/SE/SE-Project/se-project-be-68-2-orangered/controllers/announcements.js","statementMap":{"0":{"start":{"line":1,"column":21},"end":{"line":1,"column":54}},"1":{"start":{"line":2,"column":13},"end":{"line":2,"column":38}},"2":{"start":{"line":6,"column":0},"end":{"line":13,"column":2}},"3":{"start":{"line":7,"column":4},"end":{"line":12,"column":5}},"4":{"start":{"line":8,"column":30},"end":{"line":8,"column":106}},"5":{"start":{"line":9,"column":8},"end":{"line":9,"column":69}},"6":{"start":{"line":11,"column":8},"end":{"line":11,"column":73}},"7":{"start":{"line":17,"column":0},"end":{"line":24,"column":2}},"8":{"start":{"line":18,"column":4},"end":{"line":23,"column":5}},"9":{"start":{"line":19,"column":30},"end":{"line":19,"column":112}},"10":{"start":{"line":20,"column":8},"end":{"line":20,"column":69}},"11":{"start":{"line":22,"column":8},"end":{"line":22,"column":73}},"12":{"start":{"line":28,"column":0},"end":{"line":44,"column":2}},"13":{"start":{"line":29,"column":4},"end":{"line":43,"column":5}},"14":{"start":{"line":30,"column":20},"end":{"line":30,"column":22}},"15":{"start":{"line":31,"column":8},"end":{"line":38,"column":9}},"16":{"start":{"line":33,"column":26},"end":{"line":33,"column":65}},"17":{"start":{"line":34,"column":12},"end":{"line":36,"column":13}},"18":{"start":{"line":35,"column":16},"end":{"line":35,"column":73}},"19":{"start":{"line":37,"column":12},"end":{"line":37,"column":56}},"20":{"start":{"line":37,"column":47},"end":{"line":37,"column":52}},"21":{"start":{"line":39,"column":30},"end":{"line":39,"column":117}},"22":{"start":{"line":40,"column":8},"end":{"line":40,"column":69}},"23":{"start":{"line":42,"column":8},"end":{"line":42,"column":73}},"24":{"start":{"line":48,"column":0},"end":{"line":86,"column":2}},"25":{"start":{"line":49,"column":4},"end":{"line":85,"column":5}},"26":{"start":{"line":50,"column":45},"end":{"line":50,"column":53}},"27":{"start":{"line":51,"column":32},"end":{"line":51,"column":45}},"28":{"start":{"line":55,"column":8},"end":{"line":74,"column":9}},"29":{"start":{"line":56,"column":12},"end":{"line":70,"column":13}},"30":{"start":{"line":58,"column":29},"end":{"line":58,"column":93}},"31":{"start":{"line":59,"column":16},"end":{"line":61,"column":17}},"32":{"start":{"line":60,"column":20},"end":{"line":60,"column":115}},"33":{"start":{"line":62,"column":16},"end":{"line":62,"column":42}},"34":{"start":{"line":65,"column":29},"end":{"line":65,"column":71}},"35":{"start":{"line":66,"column":16},"end":{"line":68,"column":17}},"36":{"start":{"line":67,"column":20},"end":{"line":67,"column":109}},"37":{"start":{"line":69,"column":16},"end":{"line":69,"column":42}},"38":{"start":{"line":73,"column":12},"end":{"line":73,"column":45}},"39":{"start":{"line":76,"column":32},"end":{"line":81,"column":10}},"40":{"start":{"line":82,"column":8},"end":{"line":82,"column":71}},"41":{"start":{"line":84,"column":8},"end":{"line":84,"column":73}},"42":{"start":{"line":91,"column":0},"end":{"line":105,"column":2}},"43":{"start":{"line":92,"column":4},"end":{"line":104,"column":5}},"44":{"start":{"line":93,"column":36},"end":{"line":97,"column":9}},"45":{"start":{"line":98,"column":8},"end":{"line":100,"column":9}},"46":{"start":{"line":99,"column":12},"end":{"line":99,"column":95}},"47":{"start":{"line":101,"column":8},"end":{"line":101,"column":75}},"48":{"start":{"line":103,"column":8},"end":{"line":103,"column":73}},"49":{"start":{"line":109,"column":0},"end":{"line":119,"column":2}},"50":{"start":{"line":110,"column":4},"end":{"line":118,"column":5}},"51":{"start":{"line":111,"column":29},"end":{"line":111,"column":80}},"52":{"start":{"line":112,"column":8},"end":{"line":114,"column":9}},"53":{"start":{"line":113,"column":12},"end":{"line":113,"column":95}},"54":{"start":{"line":115,"column":8},"end":{"line":115,"column":69}},"55":{"start":{"line":117,"column":8},"end":{"line":117,"column":73}}},"fnMap":{"0":{"name":"(anonymous_0)","decl":{"start":{"line":6,"column":31},"end":{"line":6,"column":32}},"loc":{"start":{"line":6,"column":51},"end":{"line":13,"column":1}},"line":6},"1":{"name":"(anonymous_1)","decl":{"start":{"line":17,"column":30},"end":{"line":17,"column":31}},"loc":{"start":{"line":17,"column":50},"end":{"line":24,"column":1}},"line":17},"2":{"name":"(anonymous_2)","decl":{"start":{"line":28,"column":27},"end":{"line":28,"column":28}},"loc":{"start":{"line":28,"column":47},"end":{"line":44,"column":1}},"line":28},"3":{"name":"(anonymous_3)","decl":{"start":{"line":37,"column":42},"end":{"line":37,"column":43}},"loc":{"start":{"line":37,"column":47},"end":{"line":37,"column":52}},"line":37},"4":{"name":"(anonymous_4)","decl":{"start":{"line":48,"column":29},"end":{"line":48,"column":30}},"loc":{"start":{"line":48,"column":49},"end":{"line":86,"column":1}},"line":48},"5":{"name":"(anonymous_5)","decl":{"start":{"line":91,"column":29},"end":{"line":91,"column":30}},"loc":{"start":{"line":91,"column":49},"end":{"line":105,"column":1}},"line":91},"6":{"name":"(anonymous_6)","decl":{"start":{"line":109,"column":29},"end":{"line":109,"column":30}},"loc":{"start":{"line":109,"column":49},"end":{"line":119,"column":1}},"line":109}},"branchMap":{"0":{"loc":{"start":{"line":31,"column":8},"end":{"line":38,"column":9}},"type":"if","locations":[{"start":{"line":31,"column":8},"end":{"line":38,"column":9}},{"start":{},"end":{}}],"line":31},"1":{"loc":{"start":{"line":34,"column":12},"end":{"line":36,"column":13}},"type":"if","locations":[{"start":{"line":34,"column":12},"end":{"line":36,"column":13}},{"start":{},"end":{}}],"line":34},"2":{"loc":{"start":{"line":55,"column":8},"end":{"line":74,"column":9}},"type":"if","locations":[{"start":{"line":55,"column":8},"end":{"line":74,"column":9}},{"start":{"line":71,"column":15},"end":{"line":74,"column":9}}],"line":55},"3":{"loc":{"start":{"line":56,"column":12},"end":{"line":70,"column":13}},"type":"if","locations":[{"start":{"line":56,"column":12},"end":{"line":70,"column":13}},{"start":{"line":63,"column":19},"end":{"line":70,"column":13}}],"line":56},"4":{"loc":{"start":{"line":59,"column":16},"end":{"line":61,"column":17}},"type":"if","locations":[{"start":{"line":59,"column":16},"end":{"line":61,"column":17}},{"start":{},"end":{}}],"line":59},"5":{"loc":{"start":{"line":66,"column":16},"end":{"line":68,"column":17}},"type":"if","locations":[{"start":{"line":66,"column":16},"end":{"line":68,"column":17}},{"start":{},"end":{}}],"line":66},"6":{"loc":{"start":{"line":98,"column":8},"end":{"line":100,"column":9}},"type":"if","locations":[{"start":{"line":98,"column":8},"end":{"line":100,"column":9}},{"start":{},"end":{}}],"line":98},"7":{"loc":{"start":{"line":112,"column":8},"end":{"line":114,"column":9}},"type":"if","locations":[{"start":{"line":112,"column":8},"end":{"line":114,"column":9}},{"start":{},"end":{}}],"line":112}},"s":{"0":6,"1":6,"2":6,"3":6,"4":6,"5":4,"6":2,"7":6,"8":3,"9":3,"10":2,"11":1,"12":6,"13":4,"14":4,"15":4,"16":2,"17":2,"18":1,"19":1,"20":2,"21":3,"22":2,"23":1,"24":6,"25":6,"26":6,"27":6,"28":6,"29":5,"30":2,"31":2,"32":1,"33":1,"34":3,"35":3,"36":1,"37":2,"38":1,"39":4,"40":3,"41":1,"42":6,"43":3,"44":3,"45":2,"46":1,"47":1,"48":1,"49":6,"50":3,"51":3,"52":2,"53":1,"54":1,"55":1},"f":{"0":6,"1":3,"2":4,"3":2,"4":6,"5":3,"6":3},"b":{"0":[2,2],"1":[1,1],"2":[5,1],"3":[2,3],"4":[1,1],"5":[1,2],"6":[1,1],"7":[1,1]},"_coverageSchema":"1a1c01bbd47fc00a2c39e90264f33305004495a9","hash":"07d79b559a5e1b7d00dd25ddbd36b999ba237842"}
}
