TN:
SF:controllers/announcements.js
FN:6,(anonymous_0)
FN:17,(anonymous_1)
FN:28,(anonymous_2)
FN:37,(anonymous_3)
FN:48,(anonymous_4)
FN:91,(anonymous_5)
FN:109,(anonymous_6)
FNF:7
FNH:7
FNDA:6,(anonymous_0)
FNDA:3,(anonymous_1)
FNDA:4,(anonymous_2)
FNDA:2,(anonymous_3)
FNDA:6,(anonymous_4)
FNDA:3,(anonymous_5)
FNDA:3,(anonymous_6)
DA:1,6
DA:2,6
DA:6,6
DA:7,6
DA:8,6
DA:9,4
DA:11,2
DA:17,6
DA:18,3
DA:19,3
DA:20,2
DA:22,1
DA:28,6
DA:29,4
DA:30,4
DA:31,4
DA:33,2
DA:34,2
DA:35,1
DA:37,2
DA:39,3
DA:40,2
DA:42,1
DA:48,6
DA:49,6
DA:50,6
DA:51,6
DA:55,6
DA:56,5
DA:58,2
DA:59,2
DA:60,1
DA:62,1
DA:65,3
DA:66,3
DA:67,1
DA:69,2
DA:73,1
DA:76,4
DA:82,3
DA:84,1
DA:91,6
DA:92,3
DA:93,3
DA:98,2
DA:99,1
DA:101,1
DA:103,1
DA:109,6
DA:110,3
DA:111,3
DA:112,2
DA:113,1
DA:115,1
DA:117,1
LF:55
LH:55
BRDA:31,0,0,2
BRDA:31,0,1,2
BRDA:34,1,0,1
BRDA:34,1,1,1
BRDA:55,2,0,5
BRDA:55,2,1,1
BRDA:56,3,0,2
BRDA:56,3,1,3
BRDA:59,4,0,1
BRDA:59,4,1,1
BRDA:66,5,0,1
BRDA:66,5,1,2
BRDA:98,6,0,1
BRDA:98,6,1,1
BRDA:112,7,0,1
BRDA:112,7,1,1
BRF:16
BRH:16
end_of_record
